[19-Jul-2025 16:21:33 UTC] PHP Warning:  Attempt to read property "title" on null in C:\Users\emmel\Local Sites\planty\app\public\wp-includes\class-wp-customize-widgets.php on line 926
[19-Jul-2025 16:21:34 UTC] PHP Warning:  Undefined variable $qsid in C:\Users\emmel\Local Sites\planty\app\public\wp-content\plugins\child-theme-configurator\includes\classes\CSS.php on line 958
[19-Jul-2025 16:21:34 UTC] PHP Warning:  Undefined variable $qsid in C:\Users\emmel\Local Sites\planty\app\public\wp-content\plugins\child-theme-configurator\includes\classes\CSS.php on line 960
[19-Jul-2025 16:21:34 UTC] PHP Warning:  Undefined variable $qsid in C:\Users\emmel\Local Sites\planty\app\public\wp-content\plugins\child-theme-configurator\includes\classes\CSS.php on line 967
[19-Jul-2025 16:21:34 UTC] PHP Warning:  Undefined variable $qsid in C:\Users\emmel\Local Sites\planty\app\public\wp-content\plugins\child-theme-configurator\includes\classes\CSS.php on line 968
[19-Jul-2025 16:21:34 UTC] PHP Warning:  Undefined variable $qsid in C:\Users\emmel\Local Sites\planty\app\public\wp-content\plugins\child-theme-configurator\includes\classes\CSS.php on line 971
[19-Jul-2025 16:21:39 UTC] PHP Warning:  Attempt to read property "title" on null in C:\Users\emmel\Local Sites\planty\app\public\wp-includes\class-wp-customize-widgets.php on line 926
[22-Jul-2025 15:30:26 UTC] PHP Parse error:  syntax error, unexpected token "endif", expecting end of file in C:\Users\emmel\Local Sites\planty\app\public\wp-content\themes\hello-elementor-child\functions.php on line 24
[22-Jul-2025 15:30:37 UTC] PHP Parse error:  syntax error, unexpected token "endif", expecting end of file in C:\Users\emmel\Local Sites\planty\app\public\wp-content\themes\hello-elementor-child\functions.php on line 24
[22-Jul-2025 15:30:37 UTC] PHP Warning:  Trying to access array offset on value of type bool in C:\Users\emmel\Local Sites\planty\app\public\wp-includes\class-wp-recovery-mode-email-service.php on line 367
[22-Jul-2025 15:30:37 UTC] PHP Warning:  Trying to access array offset on value of type bool in C:\Users\emmel\Local Sites\planty\app\public\wp-includes\class-wp-recovery-mode-email-service.php on line 368
[22-Jul-2025 15:45:29 UTC] PHP Parse error:  syntax error, unexpected token "endif", expecting end of file in C:\Users\emmel\Local Sites\planty\app\public\wp-content\themes\hello-elementor-child\functions.php on line 24
[22-Jul-2025 15:45:52 UTC] PHP Parse error:  syntax error, unexpected token "endif", expecting end of file in C:\Users\emmel\Local Sites\planty\app\public\wp-content\themes\hello-elementor-child\functions.php on line 24
[22-Jul-2025 15:46:08 UTC] PHP Parse error:  syntax error, unexpected token "endif", expecting end of file in C:\Users\emmel\Local Sites\planty\app\public\wp-content\themes\hello-elementor-child\functions.php on line 24
[22-Jul-2025 15:46:12 UTC] PHP Parse error:  syntax error, unexpected token "endif", expecting end of file in C:\Users\emmel\Local Sites\planty\app\public\wp-content\themes\hello-elementor-child\functions.php on line 24
[22-Jul-2025 15:46:13 UTC] PHP Parse error:  syntax error, unexpected token "endif", expecting end of file in C:\Users\emmel\Local Sites\planty\app\public\wp-content\themes\hello-elementor-child\functions.php on line 24
[22-Jul-2025 15:46:14 UTC] PHP Parse error:  syntax error, unexpected token "endif", expecting end of file in C:\Users\emmel\Local Sites\planty\app\public\wp-content\themes\hello-elementor-child\functions.php on line 24
[22-Jul-2025 15:46:33 UTC] PHP Parse error:  syntax error, unexpected token "endif", expecting end of file in C:\Users\emmel\Local Sites\planty\app\public\wp-content\themes\hello-elementor-child\functions.php on line 24
[22-Jul-2025 15:47:06 UTC] PHP Parse error:  syntax error, unexpected token "endif", expecting end of file in C:\Users\emmel\Local Sites\planty\app\public\wp-content\themes\hello-elementor-child\functions.php on line 24
[22-Jul-2025 16:43:32 UTC] PHP Warning:  Undefined array key "editor_post_id" in C:\Users\emmel\Local Sites\planty\app\public\wp-content\plugins\elementor\modules\history\revisions-manager.php on line 363
[22-Jul-2025 17:10:08 UTC] PHP Warning:  Attempt to read property "title" on null in C:\Users\emmel\Local Sites\planty\app\public\wp-includes\class-wp-customize-widgets.php on line 926
[22-Jul-2025 17:13:59 UTC] PHP Warning:  Attempt to read property "title" on null in C:\Users\emmel\Local Sites\planty\app\public\wp-includes\class-wp-customize-widgets.php on line 926
[23-Jul-2025 06:22:26 UTC] PHP Warning:  Undefined array key "editor_post_id" in C:\Users\emmel\Local Sites\planty\app\public\wp-content\plugins\elementor\modules\history\revisions-manager.php on line 363
[23-Jul-2025 06:23:24 UTC] PHP Warning:  Undefined array key "editor_post_id" in C:\Users\emmel\Local Sites\planty\app\public\wp-content\plugins\elementor\modules\history\revisions-manager.php on line 363
